[debug] [2023-10-21T01:25:02.822Z] ----------------------------------------------------------------------
[debug] [2023-10-21T01:25:02.825Z] Command:       C:\Program Files\nodejs\node.exe C:\Users\ROGER\AppData\Roaming\npm\node_modules\firebase-tools\lib\bin\firebase.js init
[debug] [2023-10-21T01:25:02.826Z] CLI Version:   12.7.0
[debug] [2023-10-21T01:25:02.826Z] Platform:      win32
[debug] [2023-10-21T01:25:02.826Z] Node Version:  v16.18.0
[debug] [2023-10-21T01:25:02.829Z] Time:          Fri Oct 20 2023 20:25:02 GMT-0500 (Peru Standard Time)
[debug] [2023-10-21T01:25:02.830Z] ----------------------------------------------------------------------
[debug] 
[debug] [2023-10-21T01:25:02.843Z] > command requires scopes: ["email","openid","https://www.googleapis.com/auth/cloudplatformprojects.readonly","https://www.googleapis.com/auth/firebase","https://www.googleapis.com/auth/cloud-platform"]
[debug] [2023-10-21T01:25:02.844Z] > authorizing via signed-in user (rmestanza.217@gmail.com)
[info] 
     ######## #### ########  ######## ########     ###     ######  ########
     ##        ##  ##     ## ##       ##     ##  ##   ##  ##       ##
     ######    ##  ########  ######   ########  #########  ######  ######
     ##        ##  ##    ##  ##       ##     ## ##     ##       ## ##
     ##       #### ##     ## ######## ########  ##     ##  ######  ########

You're about to initialize a Firebase project in this directory:

  C:\Users\ROGER\Documents\react-avanzado\session-18\docker

[info] 
=== Project Setup
[info] 
[info] First, let's associate this project directory with a Firebase project.
[info] You can create multiple project aliases by running firebase use --add, 
[info] but for now we'll just set up a default project.
[info] 
[debug] [2023-10-21T01:26:38.342Z] > refreshing access token with scopes: []
[debug] [2023-10-21T01:26:38.344Z] >>> [apiv2][query] POST https://www.googleapis.com/oauth2/v3/token [none]
[debug] [2023-10-21T01:26:38.344Z] >>> [apiv2][body] POST https://www.googleapis.com/oauth2/v3/token [omitted]
[debug] [2023-10-21T01:26:38.708Z] <<< [apiv2][status] POST https://www.googleapis.com/oauth2/v3/token 400
[debug] [2023-10-21T01:26:38.708Z] <<< [apiv2][body] POST https://www.googleapis.com/oauth2/v3/token [omitted]
[debug] [2023-10-21T01:26:38.711Z] >>> [apiv2][query] GET https://firebase.googleapis.com/v1beta1/projects pageSize=100
[debug] [2023-10-21T01:26:39.033Z] <<< [apiv2][status] GET https://firebase.googleapis.com/v1beta1/projects 401
[debug] [2023-10-21T01:26:39.033Z] <<< [apiv2][body] GET https://firebase.googleapis.com/v1beta1/projects [omitted]
[debug] [2023-10-21T01:26:39.034Z] HTTP Error: 401, Request had invalid authentication credentials. Expected OAuth 2 access token, login cookie or other valid authentication credential. See https://developers.google.com/identity/sign-in/web/devconsole-project.
[debug] [2023-10-21T01:26:39.279Z] FirebaseError: HTTP Error: 401, Request had invalid authentication credentials. Expected OAuth 2 access token, login cookie or other valid authentication credential. See https://developers.google.com/identity/sign-in/web/devconsole-project.
    at responseToError (C:\Users\ROGER\AppData\Roaming\npm\node_modules\firebase-tools\lib\responseToError.js:49:12)
    at RetryOperation._fn (C:\Users\ROGER\AppData\Roaming\npm\node_modules\firebase-tools\lib\apiv2.js:285:77)
    at processTicksAndRejections (node:internal/process/task_queues:96:5)
[error] 
[error] Error: Failed to list Firebase projects. See firebase-debug.log for more info.
[debug] [2023-10-21T01:26:51.145Z] ----------------------------------------------------------------------
[debug] [2023-10-21T01:26:51.148Z] Command:       C:\Program Files\nodejs\node.exe C:\Users\ROGER\AppData\Roaming\npm\node_modules\firebase-tools\lib\bin\firebase.js init
[debug] [2023-10-21T01:26:51.148Z] CLI Version:   12.7.0
[debug] [2023-10-21T01:26:51.149Z] Platform:      win32
[debug] [2023-10-21T01:26:51.149Z] Node Version:  v16.18.0
[debug] [2023-10-21T01:26:51.151Z] Time:          Fri Oct 20 2023 20:26:51 GMT-0500 (Peru Standard Time)
[debug] [2023-10-21T01:26:51.151Z] ----------------------------------------------------------------------
[debug] 
[debug] [2023-10-21T01:26:51.166Z] > command requires scopes: ["email","openid","https://www.googleapis.com/auth/cloudplatformprojects.readonly","https://www.googleapis.com/auth/firebase","https://www.googleapis.com/auth/cloud-platform"]
[debug] [2023-10-21T01:26:51.166Z] > authorizing via signed-in user (rmestanza.217@gmail.com)
[info] 
     ######## #### ########  ######## ########     ###     ######  ########
     ##        ##  ##     ## ##       ##     ##  ##   ##  ##       ##
     ######    ##  ########  ######   ########  #########  ######  ######
     ##        ##  ##    ##  ##       ##     ## ##     ##       ## ##
     ##       #### ##     ## ######## ########  ##     ##  ######  ########

You're about to initialize a Firebase project in this directory:

  C:\Users\ROGER\Documents\react-avanzado\session-18\docker

[info] 
=== Project Setup
[info] 
[info] First, let's associate this project directory with a Firebase project.
[info] You can create multiple project aliases by running firebase use --add, 
[info] but for now we'll just set up a default project.
[info] 
[debug] [2023-10-21T01:27:07.607Z] > refreshing access token with scopes: []
[debug] [2023-10-21T01:27:07.610Z] >>> [apiv2][query] POST https://www.googleapis.com/oauth2/v3/token [none]
[debug] [2023-10-21T01:27:07.610Z] >>> [apiv2][body] POST https://www.googleapis.com/oauth2/v3/token [omitted]
[debug] [2023-10-21T01:27:07.923Z] <<< [apiv2][status] POST https://www.googleapis.com/oauth2/v3/token 400
[debug] [2023-10-21T01:27:07.924Z] <<< [apiv2][body] POST https://www.googleapis.com/oauth2/v3/token [omitted]
[debug] [2023-10-21T01:27:07.926Z] >>> [apiv2][query] GET https://firebase.googleapis.com/v1beta1/projects pageSize=100
[debug] [2023-10-21T01:27:08.777Z] <<< [apiv2][status] GET https://firebase.googleapis.com/v1beta1/projects 401
[debug] [2023-10-21T01:27:08.778Z] <<< [apiv2][body] GET https://firebase.googleapis.com/v1beta1/projects [omitted]
[debug] [2023-10-21T01:27:08.780Z] HTTP Error: 401, Request had invalid authentication credentials. Expected OAuth 2 access token, login cookie or other valid authentication credential. See https://developers.google.com/identity/sign-in/web/devconsole-project.
[debug] [2023-10-21T01:27:09.046Z] FirebaseError: HTTP Error: 401, Request had invalid authentication credentials. Expected OAuth 2 access token, login cookie or other valid authentication credential. See https://developers.google.com/identity/sign-in/web/devconsole-project.
    at responseToError (C:\Users\ROGER\AppData\Roaming\npm\node_modules\firebase-tools\lib\responseToError.js:49:12)
    at RetryOperation._fn (C:\Users\ROGER\AppData\Roaming\npm\node_modules\firebase-tools\lib\apiv2.js:285:77)
    at processTicksAndRejections (node:internal/process/task_queues:96:5)
[error] 
[error] Error: Failed to list Firebase projects. See firebase-debug.log for more info.
[debug] [2023-10-21T01:27:55.454Z] ----------------------------------------------------------------------
[debug] [2023-10-21T01:27:55.456Z] Command:       C:\Program Files\nodejs\node.exe C:\Users\ROGER\AppData\Roaming\npm\node_modules\firebase-tools\lib\bin\firebase.js init
[debug] [2023-10-21T01:27:55.457Z] CLI Version:   12.7.0
[debug] [2023-10-21T01:27:55.457Z] Platform:      win32
[debug] [2023-10-21T01:27:55.457Z] Node Version:  v16.18.0
[debug] [2023-10-21T01:27:55.458Z] Time:          Fri Oct 20 2023 20:27:55 GMT-0500 (Peru Standard Time)
[debug] [2023-10-21T01:27:55.459Z] ----------------------------------------------------------------------
[debug] 
[debug] [2023-10-21T01:27:55.468Z] > command requires scopes: ["email","openid","https://www.googleapis.com/auth/cloudplatformprojects.readonly","https://www.googleapis.com/auth/firebase","https://www.googleapis.com/auth/cloud-platform"]
[debug] [2023-10-21T01:27:55.469Z] > authorizing via signed-in user (rmestanza.217@gmail.com)
[info] 
     ######## #### ########  ######## ########     ###     ######  ########
     ##        ##  ##     ## ##       ##     ##  ##   ##  ##       ##
     ######    ##  ########  ######   ########  #########  ######  ######
     ##        ##  ##    ##  ##       ##     ## ##     ##       ## ##
     ##       #### ##     ## ######## ########  ##     ##  ######  ########

You're about to initialize a Firebase project in this directory:

  C:\Users\ROGER\Documents\react-avanzado\session-18\docker

[info] 
=== Project Setup
[info] 
[info] First, let's associate this project directory with a Firebase project.
[info] You can create multiple project aliases by running firebase use --add, 
[info] but for now we'll just set up a default project.
[info] 
[info] i  If you want to create a project in a Google Cloud organization or folder, please use "firebase projects:create" instead, and return to this command when you've created the project. 
[debug] [2023-10-21T01:29:10.772Z] ----------------------------------------------------------------------
[debug] [2023-10-21T01:29:10.774Z] Command:       C:\Program Files\nodejs\node.exe C:\Users\ROGER\AppData\Roaming\npm\node_modules\firebase-tools\lib\bin\firebase.js init
[debug] [2023-10-21T01:29:10.774Z] CLI Version:   12.7.0
[debug] [2023-10-21T01:29:10.775Z] Platform:      win32
[debug] [2023-10-21T01:29:10.775Z] Node Version:  v16.18.0
[debug] [2023-10-21T01:29:10.776Z] Time:          Fri Oct 20 2023 20:29:10 GMT-0500 (Peru Standard Time)
[debug] [2023-10-21T01:29:10.776Z] ----------------------------------------------------------------------
[debug] 
[debug] [2023-10-21T01:29:10.785Z] > command requires scopes: ["email","openid","https://www.googleapis.com/auth/cloudplatformprojects.readonly","https://www.googleapis.com/auth/firebase","https://www.googleapis.com/auth/cloud-platform"]
[debug] [2023-10-21T01:29:10.786Z] > authorizing via signed-in user (rmestanza.217@gmail.com)
[info] 
     ######## #### ########  ######## ########     ###     ######  ########
     ##        ##  ##     ## ##       ##     ##  ##   ##  ##       ##
     ######    ##  ########  ######   ########  #########  ######  ######
     ##        ##  ##    ##  ##       ##     ## ##     ##       ## ##
     ##       #### ##     ## ######## ########  ##     ##  ######  ########

You're about to initialize a Firebase project in this directory:

  C:\Users\ROGER\Documents\react-avanzado\session-18\docker

[info] 
=== Project Setup
[info] 
[info] First, let's associate this project directory with a Firebase project.
[info] You can create multiple project aliases by running firebase use --add, 
[info] but for now we'll just set up a default project.
[info] 
[debug] [2023-10-21T01:29:17.265Z] > refreshing access token with scopes: []
[debug] [2023-10-21T01:29:17.268Z] >>> [apiv2][query] POST https://www.googleapis.com/oauth2/v3/token [none]
[debug] [2023-10-21T01:29:17.268Z] >>> [apiv2][body] POST https://www.googleapis.com/oauth2/v3/token [omitted]
[debug] [2023-10-21T01:29:17.653Z] <<< [apiv2][status] POST https://www.googleapis.com/oauth2/v3/token 400
[debug] [2023-10-21T01:29:17.653Z] <<< [apiv2][body] POST https://www.googleapis.com/oauth2/v3/token [omitted]
[debug] [2023-10-21T01:29:17.656Z] >>> [apiv2][query] GET https://firebase.googleapis.com/v1beta1/projects pageSize=100
[debug] [2023-10-21T01:29:17.930Z] <<< [apiv2][status] GET https://firebase.googleapis.com/v1beta1/projects 401
[debug] [2023-10-21T01:29:17.930Z] <<< [apiv2][body] GET https://firebase.googleapis.com/v1beta1/projects [omitted]
[debug] [2023-10-21T01:29:17.933Z] HTTP Error: 401, Request had invalid authentication credentials. Expected OAuth 2 access token, login cookie or other valid authentication credential. See https://developers.google.com/identity/sign-in/web/devconsole-project.
[debug] [2023-10-21T01:29:18.270Z] FirebaseError: HTTP Error: 401, Request had invalid authentication credentials. Expected OAuth 2 access token, login cookie or other valid authentication credential. See https://developers.google.com/identity/sign-in/web/devconsole-project.
    at responseToError (C:\Users\ROGER\AppData\Roaming\npm\node_modules\firebase-tools\lib\responseToError.js:49:12)
    at RetryOperation._fn (C:\Users\ROGER\AppData\Roaming\npm\node_modules\firebase-tools\lib\apiv2.js:285:77)
    at processTicksAndRejections (node:internal/process/task_queues:96:5)
[error] 
[error] Error: Failed to list Firebase projects. See firebase-debug.log for more info.
